-------------------------------------------------------------------------------
Test set: MyFirstTest
-------------------------------------------------------------------------------
Tests run: 1, Failures: 1, Errors: 0, Skipped: 0, Time elapsed: 0.137 s <<< FAILURE! - in MyFirstTest
myFirstTest  Time elapsed: 0.127 s  <<< FAILURE!
org.opentest4j.AssertionFailedError: expected: <true> but was: <false>
	at MyFirstTest.myFirstTest(MyFirstTest.java:11)

